2022/06/26 07:20:00 [notice] 1#1: using the "epoll" event method
2022/06/26 07:20:00 [notice] 1#1: nginx/1.23.0
2022/06/26 07:20:00 [notice] 1#1: built by gcc 10.2.1 20210110 (Debian 10.2.1-6) 
2022/06/26 07:20:00 [notice] 1#1: OS: Linux 5.10.16.3-microsoft-standard-WSL2
2022/06/26 07:20:00 [notice] 1#1: getrlimit(RLIMIT_NOFILE): 1048576:1048576
2022/06/26 07:20:00 [notice] 1#1: start worker processes
2022/06/26 07:20:00 [notice] 1#1: start worker process 31
2022/06/26 07:20:00 [notice] 1#1: start worker process 32
2022/06/26 07:20:00 [notice] 1#1: start worker process 33
2022/06/26 07:20:00 [notice] 1#1: start worker process 34
2022/06/26 07:20:00 [notice] 1#1: start worker process 35
2022/06/26 07:20:00 [notice] 1#1: start worker process 36
2022/06/26 07:20:00 [notice] 1#1: start worker process 37
2022/06/26 07:20:00 [notice] 1#1: start worker process 38
2022/06/26 07:20:00 [notice] 1#1: start worker process 39
2022/06/26 07:20:00 [notice] 1#1: start worker process 40
2022/06/26 07:20:00 [notice] 1#1: start worker process 41
2022/06/26 07:20:00 [notice] 1#1: start worker process 42
2022/06/26 07:20:00 [notice] 1#1: start worker process 43
2022/06/26 07:20:00 [notice] 1#1: start worker process 44
2022/06/26 07:20:00 [notice] 1#1: start worker process 45
2022/06/26 07:20:00 [notice] 1#1: start worker process 46
2022/06/26 08:10:23 [notice] 1#1: signal 3 (SIGQUIT) received, shutting down
2022/06/26 08:10:23 [notice] 31#31: gracefully shutting down
2022/06/26 08:10:23 [notice] 38#38: gracefully shutting down
2022/06/26 08:10:23 [notice] 33#33: gracefully shutting down
2022/06/26 08:10:23 [notice] 32#32: gracefully shutting down
2022/06/26 08:10:23 [notice] 34#34: gracefully shutting down
2022/06/26 08:10:23 [notice] 35#35: gracefully shutting down
2022/06/26 08:10:23 [notice] 36#36: gracefully shutting down
2022/06/26 08:10:23 [notice] 37#37: gracefully shutting down
2022/06/26 08:10:23 [notice] 39#39: gracefully shutting down
2022/06/26 08:10:23 [notice] 40#40: gracefully shutting down
2022/06/26 08:10:23 [notice] 31#31: exiting
2022/06/26 08:10:23 [notice] 41#41: gracefully shutting down
2022/06/26 08:10:23 [notice] 42#42: gracefully shutting down
2022/06/26 08:10:23 [notice] 43#43: gracefully shutting down
2022/06/26 08:10:23 [notice] 43#43: exiting
2022/06/26 08:10:23 [notice] 44#44: gracefully shutting down
2022/06/26 08:10:23 [notice] 45#45: gracefully shutting down
2022/06/26 08:10:23 [notice] 46#46: gracefully shutting down
2022/06/26 08:10:23 [notice] 38#38: exiting
2022/06/26 08:10:23 [notice] 33#33: exiting
2022/06/26 08:10:23 [notice] 32#32: exiting
2022/06/26 08:10:23 [notice] 34#34: exiting
2022/06/26 08:10:23 [notice] 35#35: exiting
2022/06/26 08:10:23 [notice] 36#36: exiting
2022/06/26 08:10:23 [notice] 37#37: exiting
2022/06/26 08:10:23 [notice] 39#39: exiting
2022/06/26 08:10:23 [notice] 40#40: exiting
2022/06/26 08:10:23 [notice] 31#31: exit
2022/06/26 08:10:23 [notice] 41#41: exiting
2022/06/26 08:10:23 [notice] 42#42: exiting
2022/06/26 08:10:23 [notice] 43#43: exit
2022/06/26 08:10:23 [notice] 44#44: exiting
2022/06/26 08:10:23 [notice] 45#45: exiting
2022/06/26 08:10:23 [notice] 46#46: exiting
2022/06/26 08:10:23 [notice] 38#38: exit
2022/06/26 08:10:23 [notice] 33#33: exit
2022/06/26 08:10:23 [notice] 32#32: exit
2022/06/26 08:10:23 [notice] 34#34: exit
2022/06/26 08:10:23 [notice] 35#35: exit
2022/06/26 08:10:23 [notice] 36#36: exit
2022/06/26 08:10:23 [notice] 37#37: exit
2022/06/26 08:10:23 [notice] 39#39: exit
2022/06/26 08:10:23 [notice] 40#40: exit
2022/06/26 08:10:23 [notice] 41#41: exit
2022/06/26 08:10:23 [notice] 42#42: exit
2022/06/26 08:10:23 [notice] 44#44: exit
2022/06/26 08:10:23 [notice] 45#45: exit
2022/06/26 08:10:23 [notice] 46#46: exit
2022/06/26 08:10:23 [notice] 1#1: signal 17 (SIGCHLD) received from 32
2022/06/26 08:10:23 [notice] 1#1: worker process 31 exited with code 0
2022/06/26 08:10:23 [notice] 1#1: worker process 32 exited with code 0
2022/06/26 08:10:23 [notice] 1#1: signal 29 (SIGIO) received
2022/06/26 08:10:24 [notice] 1#1: signal 17 (SIGCHLD) received from 43
2022/06/26 08:10:24 [notice] 1#1: worker process 35 exited with code 0
2022/06/26 08:10:24 [notice] 1#1: worker process 36 exited with code 0
2022/06/26 08:10:24 [notice] 1#1: worker process 37 exited with code 0
2022/06/26 08:10:24 [notice] 1#1: worker process 38 exited with code 0
2022/06/26 08:10:24 [notice] 1#1: worker process 40 exited with code 0
2022/06/26 08:10:24 [notice] 1#1: worker process 42 exited with code 0
2022/06/26 08:10:24 [notice] 1#1: worker process 43 exited with code 0
2022/06/26 08:10:24 [notice] 1#1: worker process 44 exited with code 0
2022/06/26 08:10:24 [notice] 1#1: worker process 46 exited with code 0
2022/06/26 08:10:24 [notice] 1#1: signal 29 (SIGIO) received
2022/06/26 08:10:24 [notice] 1#1: signal 17 (SIGCHLD) received from 35
2022/06/26 08:10:24 [notice] 1#1: signal 17 (SIGCHLD) received from 34
2022/06/26 08:10:24 [notice] 1#1: worker process 34 exited with code 0
2022/06/26 08:10:24 [notice] 1#1: signal 29 (SIGIO) received
2022/06/26 08:10:24 [notice] 1#1: signal 17 (SIGCHLD) received from 41
2022/06/26 08:10:24 [notice] 1#1: worker process 33 exited with code 0
2022/06/26 08:10:24 [notice] 1#1: worker process 41 exited with code 0
2022/06/26 08:10:24 [notice] 1#1: signal 29 (SIGIO) received
2022/06/26 08:10:24 [notice] 1#1: signal 17 (SIGCHLD) received from 39
2022/06/26 08:10:24 [notice] 1#1: worker process 39 exited with code 0
2022/06/26 08:10:24 [notice] 1#1: worker process 45 exited with code 0
2022/06/26 08:10:24 [notice] 1#1: exit
2022/06/26 08:11:16 [notice] 1#1: using the "epoll" event method
2022/06/26 08:11:16 [notice] 1#1: nginx/1.23.0
2022/06/26 08:11:16 [notice] 1#1: built by gcc 10.2.1 20210110 (Debian 10.2.1-6) 
2022/06/26 08:11:16 [notice] 1#1: OS: Linux 5.10.16.3-microsoft-standard-WSL2
2022/06/26 08:11:16 [notice] 1#1: getrlimit(RLIMIT_NOFILE): 1048576:1048576
2022/06/26 08:11:16 [notice] 1#1: start worker processes
2022/06/26 08:11:16 [notice] 1#1: start worker process 31
2022/06/26 08:11:16 [notice] 1#1: start worker process 32
2022/06/26 08:11:16 [notice] 1#1: start worker process 33
2022/06/26 08:11:16 [notice] 1#1: start worker process 34
2022/06/26 08:11:16 [notice] 1#1: start worker process 35
2022/06/26 08:11:16 [notice] 1#1: start worker process 36
2022/06/26 08:11:16 [notice] 1#1: start worker process 37
2022/06/26 08:11:16 [notice] 1#1: start worker process 38
2022/06/26 08:11:16 [notice] 1#1: start worker process 39
2022/06/26 08:11:16 [notice] 1#1: start worker process 40
2022/06/26 08:11:16 [notice] 1#1: start worker process 41
2022/06/26 08:11:16 [notice] 1#1: start worker process 42
2022/06/26 08:11:16 [notice] 1#1: start worker process 43
2022/06/26 08:11:16 [notice] 1#1: start worker process 44
2022/06/26 08:11:16 [notice] 1#1: start worker process 45
2022/06/26 08:11:16 [notice] 1#1: start worker process 46
2022/06/26 08:12:40 [notice] 1#1: signal 3 (SIGQUIT) received, shutting down
2022/06/26 08:12:40 [notice] 31#31: gracefully shutting down
2022/06/26 08:12:40 [notice] 36#36: gracefully shutting down
2022/06/26 08:12:40 [notice] 32#32: gracefully shutting down
2022/06/26 08:12:40 [notice] 33#33: gracefully shutting down
2022/06/26 08:12:40 [notice] 34#34: gracefully shutting down
2022/06/26 08:12:40 [notice] 35#35: gracefully shutting down
2022/06/26 08:12:40 [notice] 37#37: gracefully shutting down
2022/06/26 08:12:40 [notice] 38#38: gracefully shutting down
2022/06/26 08:12:40 [notice] 39#39: gracefully shutting down
2022/06/26 08:12:40 [notice] 31#31: exiting
2022/06/26 08:12:40 [notice] 40#40: gracefully shutting down
2022/06/26 08:12:40 [notice] 41#41: gracefully shutting down
2022/06/26 08:12:40 [notice] 42#42: gracefully shutting down
2022/06/26 08:12:40 [notice] 43#43: gracefully shutting down
2022/06/26 08:12:40 [notice] 44#44: gracefully shutting down
2022/06/26 08:12:40 [notice] 45#45: gracefully shutting down
2022/06/26 08:12:40 [notice] 36#36: exiting
2022/06/26 08:12:40 [notice] 46#46: gracefully shutting down
2022/06/26 08:12:40 [notice] 32#32: exiting
2022/06/26 08:12:40 [notice] 33#33: exiting
2022/06/26 08:12:40 [notice] 34#34: exiting
2022/06/26 08:12:40 [notice] 35#35: exiting
2022/06/26 08:12:40 [notice] 37#37: exiting
2022/06/26 08:12:40 [notice] 38#38: exiting
2022/06/26 08:12:40 [notice] 39#39: exiting
2022/06/26 08:12:40 [notice] 31#31: exit
2022/06/26 08:12:40 [notice] 40#40: exiting
2022/06/26 08:12:40 [notice] 41#41: exiting
2022/06/26 08:12:40 [notice] 42#42: exiting
2022/06/26 08:12:40 [notice] 43#43: exiting
2022/06/26 08:12:40 [notice] 44#44: exiting
2022/06/26 08:12:40 [notice] 45#45: exiting
2022/06/26 08:12:40 [notice] 36#36: exit
2022/06/26 08:12:40 [notice] 46#46: exiting
2022/06/26 08:12:40 [notice] 32#32: exit
2022/06/26 08:12:40 [notice] 33#33: exit
2022/06/26 08:12:40 [notice] 34#34: exit
2022/06/26 08:12:40 [notice] 35#35: exit
2022/06/26 08:12:40 [notice] 37#37: exit
2022/06/26 08:12:40 [notice] 38#38: exit
2022/06/26 08:12:40 [notice] 39#39: exit
2022/06/26 08:12:40 [notice] 40#40: exit
2022/06/26 08:12:40 [notice] 41#41: exit
2022/06/26 08:12:40 [notice] 42#42: exit
2022/06/26 08:12:40 [notice] 43#43: exit
2022/06/26 08:12:40 [notice] 44#44: exit
2022/06/26 08:12:40 [notice] 45#45: exit
2022/06/26 08:12:40 [notice] 46#46: exit
2022/06/26 08:12:40 [notice] 1#1: signal 17 (SIGCHLD) received from 33
2022/06/26 08:12:40 [notice] 1#1: worker process 33 exited with code 0
2022/06/26 08:12:40 [notice] 1#1: worker process 32 exited with code 0
2022/06/26 08:12:40 [notice] 1#1: worker process 34 exited with code 0
2022/06/26 08:12:40 [notice] 1#1: worker process 35 exited with code 0
2022/06/26 08:12:40 [notice] 1#1: worker process 36 exited with code 0
2022/06/26 08:12:40 [notice] 1#1: worker process 37 exited with code 0
2022/06/26 08:12:40 [notice] 1#1: worker process 38 exited with code 0
2022/06/26 08:12:40 [notice] 1#1: worker process 39 exited with code 0
2022/06/26 08:12:40 [notice] 1#1: worker process 40 exited with code 0
2022/06/26 08:12:40 [notice] 1#1: worker process 41 exited with code 0
2022/06/26 08:12:40 [notice] 1#1: worker process 42 exited with code 0
2022/06/26 08:12:40 [notice] 1#1: worker process 45 exited with code 0
2022/06/26 08:12:40 [notice] 1#1: worker process 46 exited with code 0
2022/06/26 08:12:40 [notice] 1#1: signal 29 (SIGIO) received
2022/06/26 08:12:40 [notice] 1#1: signal 17 (SIGCHLD) received from 41
2022/06/26 08:12:40 [notice] 1#1: signal 17 (SIGCHLD) received from 44
2022/06/26 08:12:40 [notice] 1#1: worker process 31 exited with code 0
2022/06/26 08:12:40 [notice] 1#1: worker process 43 exited with code 0
2022/06/26 08:12:40 [notice] 1#1: worker process 44 exited with code 0
2022/06/26 08:12:40 [notice] 1#1: exit
2022/06/26 08:12:48 [notice] 1#1: using the "epoll" event method
2022/06/26 08:12:48 [notice] 1#1: nginx/1.23.0
2022/06/26 08:12:48 [notice] 1#1: built by gcc 10.2.1 20210110 (Debian 10.2.1-6) 
2022/06/26 08:12:48 [notice] 1#1: OS: Linux 5.10.16.3-microsoft-standard-WSL2
2022/06/26 08:12:48 [notice] 1#1: getrlimit(RLIMIT_NOFILE): 1048576:1048576
2022/06/26 08:12:48 [notice] 1#1: start worker processes
2022/06/26 08:12:48 [notice] 1#1: start worker process 31
2022/06/26 08:12:48 [notice] 1#1: start worker process 32
2022/06/26 08:12:48 [notice] 1#1: start worker process 33
2022/06/26 08:12:48 [notice] 1#1: start worker process 34
2022/06/26 08:12:48 [notice] 1#1: start worker process 35
2022/06/26 08:12:48 [notice] 1#1: start worker process 36
2022/06/26 08:12:48 [notice] 1#1: start worker process 37
2022/06/26 08:12:48 [notice] 1#1: start worker process 38
2022/06/26 08:12:48 [notice] 1#1: start worker process 39
2022/06/26 08:12:48 [notice] 1#1: start worker process 40
2022/06/26 08:12:48 [notice] 1#1: start worker process 41
2022/06/26 08:12:48 [notice] 1#1: start worker process 42
2022/06/26 08:12:48 [notice] 1#1: start worker process 43
2022/06/26 08:12:48 [notice] 1#1: start worker process 44
2022/06/26 08:12:48 [notice] 1#1: start worker process 45
2022/06/26 08:12:48 [notice] 1#1: start worker process 46
2022/06/26 08:22:59 [notice] 1#1: signal 3 (SIGQUIT) received, shutting down
2022/06/26 08:22:59 [notice] 31#31: gracefully shutting down
2022/06/26 08:22:59 [notice] 39#39: gracefully shutting down
2022/06/26 08:22:59 [notice] 32#32: gracefully shutting down
2022/06/26 08:22:59 [notice] 33#33: gracefully shutting down
2022/06/26 08:22:59 [notice] 34#34: gracefully shutting down
2022/06/26 08:22:59 [notice] 35#35: gracefully shutting down
2022/06/26 08:22:59 [notice] 36#36: gracefully shutting down
2022/06/26 08:22:59 [notice] 37#37: gracefully shutting down
2022/06/26 08:22:59 [notice] 38#38: gracefully shutting down
2022/06/26 08:22:59 [notice] 40#40: gracefully shutting down
2022/06/26 08:22:59 [notice] 41#41: gracefully shutting down
2022/06/26 08:22:59 [notice] 31#31: exiting
2022/06/26 08:22:59 [notice] 42#42: gracefully shutting down
2022/06/26 08:22:59 [notice] 43#43: gracefully shutting down
2022/06/26 08:22:59 [notice] 44#44: gracefully shutting down
2022/06/26 08:22:59 [notice] 45#45: gracefully shutting down
2022/06/26 08:22:59 [notice] 46#46: gracefully shutting down
2022/06/26 08:22:59 [notice] 39#39: exiting
2022/06/26 08:22:59 [notice] 32#32: exiting
2022/06/26 08:22:59 [notice] 33#33: exiting
2022/06/26 08:22:59 [notice] 34#34: exiting
2022/06/26 08:22:59 [notice] 35#35: exiting
2022/06/26 08:22:59 [notice] 36#36: exiting
2022/06/26 08:22:59 [notice] 37#37: exiting
2022/06/26 08:22:59 [notice] 38#38: exiting
2022/06/26 08:22:59 [notice] 40#40: exiting
2022/06/26 08:22:59 [notice] 41#41: exiting
2022/06/26 08:22:59 [notice] 31#31: exit
2022/06/26 08:22:59 [notice] 42#42: exiting
2022/06/26 08:22:59 [notice] 43#43: exiting
2022/06/26 08:22:59 [notice] 44#44: exiting
2022/06/26 08:22:59 [notice] 45#45: exiting
2022/06/26 08:22:59 [notice] 46#46: exiting
2022/06/26 08:22:59 [notice] 39#39: exit
2022/06/26 08:22:59 [notice] 32#32: exit
2022/06/26 08:22:59 [notice] 33#33: exit
2022/06/26 08:22:59 [notice] 34#34: exit
2022/06/26 08:22:59 [notice] 35#35: exit
2022/06/26 08:22:59 [notice] 36#36: exit
2022/06/26 08:22:59 [notice] 37#37: exit
2022/06/26 08:22:59 [notice] 38#38: exit
2022/06/26 08:22:59 [notice] 40#40: exit
2022/06/26 08:22:59 [notice] 41#41: exit
2022/06/26 08:22:59 [notice] 42#42: exit
2022/06/26 08:22:59 [notice] 43#43: exit
2022/06/26 08:22:59 [notice] 44#44: exit
2022/06/26 08:22:59 [notice] 45#45: exit
2022/06/26 08:22:59 [notice] 46#46: exit
2022/06/26 08:22:59 [notice] 1#1: signal 17 (SIGCHLD) received from 33
2022/06/26 08:22:59 [notice] 1#1: worker process 33 exited with code 0
2022/06/26 08:22:59 [notice] 1#1: worker process 34 exited with code 0
2022/06/26 08:22:59 [notice] 1#1: signal 29 (SIGIO) received
2022/06/26 08:22:59 [notice] 1#1: signal 17 (SIGCHLD) received from 38
2022/06/26 08:22:59 [notice] 1#1: worker process 38 exited with code 0
2022/06/26 08:22:59 [notice] 1#1: signal 29 (SIGIO) received
2022/06/26 08:22:59 [notice] 1#1: signal 17 (SIGCHLD) received from 43
2022/06/26 08:22:59 [notice] 1#1: worker process 31 exited with code 0
2022/06/26 08:22:59 [notice] 1#1: worker process 32 exited with code 0
2022/06/26 08:22:59 [notice] 1#1: worker process 35 exited with code 0
2022/06/26 08:22:59 [notice] 1#1: worker process 36 exited with code 0
2022/06/26 08:22:59 [notice] 1#1: worker process 39 exited with code 0
2022/06/26 08:22:59 [notice] 1#1: worker process 43 exited with code 0
2022/06/26 08:22:59 [notice] 1#1: worker process 46 exited with code 0
2022/06/26 08:22:59 [notice] 1#1: signal 29 (SIGIO) received
2022/06/26 08:22:59 [notice] 1#1: signal 17 (SIGCHLD) received from 39
2022/06/26 08:22:59 [notice] 1#1: signal 17 (SIGCHLD) received from 37
2022/06/26 08:22:59 [notice] 1#1: worker process 37 exited with code 0
2022/06/26 08:22:59 [notice] 1#1: worker process 40 exited with code 0
2022/06/26 08:22:59 [notice] 1#1: worker process 41 exited with code 0
2022/06/26 08:22:59 [notice] 1#1: worker process 42 exited with code 0
2022/06/26 08:22:59 [notice] 1#1: worker process 44 exited with code 0
2022/06/26 08:22:59 [notice] 1#1: worker process 45 exited with code 0
2022/06/26 08:22:59 [notice] 1#1: exit
2022/06/26 08:24:26 [notice] 1#1: using the "epoll" event method
2022/06/26 08:24:26 [notice] 1#1: nginx/1.23.0
2022/06/26 08:24:26 [notice] 1#1: built by gcc 10.2.1 20210110 (Debian 10.2.1-6) 
2022/06/26 08:24:26 [notice] 1#1: OS: Linux 5.10.16.3-microsoft-standard-WSL2
2022/06/26 08:24:26 [notice] 1#1: getrlimit(RLIMIT_NOFILE): 1048576:1048576
2022/06/26 08:24:26 [notice] 1#1: start worker processes
2022/06/26 08:24:26 [notice] 1#1: start worker process 31
2022/06/26 08:24:26 [notice] 1#1: start worker process 32
2022/06/26 08:24:26 [notice] 1#1: start worker process 33
2022/06/26 08:24:26 [notice] 1#1: start worker process 34
2022/06/26 08:24:26 [notice] 1#1: start worker process 35
2022/06/26 08:24:26 [notice] 1#1: start worker process 36
2022/06/26 08:24:26 [notice] 1#1: start worker process 37
2022/06/26 08:24:26 [notice] 1#1: start worker process 38
2022/06/26 08:24:26 [notice] 1#1: start worker process 39
2022/06/26 08:24:26 [notice] 1#1: start worker process 40
2022/06/26 08:24:26 [notice] 1#1: start worker process 41
2022/06/26 08:24:26 [notice] 1#1: start worker process 42
2022/06/26 08:24:26 [notice] 1#1: start worker process 43
2022/06/26 08:24:26 [notice] 1#1: start worker process 44
2022/06/26 08:24:26 [notice] 1#1: start worker process 45
2022/06/26 08:24:26 [notice] 1#1: start worker process 46
2022/06/26 08:26:11 [notice] 1#1: signal 3 (SIGQUIT) received, shutting down
2022/06/26 08:26:11 [notice] 31#31: gracefully shutting down
2022/06/26 08:26:11 [notice] 38#38: gracefully shutting down
2022/06/26 08:26:11 [notice] 32#32: gracefully shutting down
2022/06/26 08:26:11 [notice] 34#34: gracefully shutting down
2022/06/26 08:26:11 [notice] 33#33: gracefully shutting down
2022/06/26 08:26:11 [notice] 35#35: gracefully shutting down
2022/06/26 08:26:11 [notice] 37#37: gracefully shutting down
2022/06/26 08:26:11 [notice] 39#39: gracefully shutting down
2022/06/26 08:26:11 [notice] 36#36: gracefully shutting down
2022/06/26 08:26:11 [notice] 31#31: exiting
2022/06/26 08:26:11 [notice] 40#40: gracefully shutting down
2022/06/26 08:26:11 [notice] 41#41: gracefully shutting down
2022/06/26 08:26:11 [notice] 42#42: gracefully shutting down
2022/06/26 08:26:11 [notice] 44#44: gracefully shutting down
2022/06/26 08:26:11 [notice] 43#43: gracefully shutting down
2022/06/26 08:26:11 [notice] 45#45: gracefully shutting down
2022/06/26 08:26:11 [notice] 46#46: gracefully shutting down
2022/06/26 08:26:11 [notice] 38#38: exiting
2022/06/26 08:26:11 [notice] 32#32: exiting
2022/06/26 08:26:11 [notice] 34#34: exiting
2022/06/26 08:26:11 [notice] 33#33: exiting
2022/06/26 08:26:11 [notice] 35#35: exiting
2022/06/26 08:26:11 [notice] 37#37: exiting
2022/06/26 08:26:11 [notice] 39#39: exiting
2022/06/26 08:26:11 [notice] 36#36: exiting
2022/06/26 08:26:11 [notice] 31#31: exit
2022/06/26 08:26:11 [notice] 40#40: exiting
2022/06/26 08:26:11 [notice] 41#41: exiting
2022/06/26 08:26:11 [notice] 42#42: exiting
2022/06/26 08:26:11 [notice] 44#44: exiting
2022/06/26 08:26:11 [notice] 43#43: exiting
2022/06/26 08:26:11 [notice] 45#45: exiting
2022/06/26 08:26:11 [notice] 46#46: exiting
2022/06/26 08:26:11 [notice] 38#38: exit
2022/06/26 08:26:11 [notice] 32#32: exit
2022/06/26 08:26:11 [notice] 34#34: exit
2022/06/26 08:26:11 [notice] 33#33: exit
2022/06/26 08:26:11 [notice] 35#35: exit
2022/06/26 08:26:11 [notice] 37#37: exit
2022/06/26 08:26:11 [notice] 39#39: exit
2022/06/26 08:26:11 [notice] 36#36: exit
2022/06/26 08:26:11 [notice] 40#40: exit
2022/06/26 08:26:11 [notice] 41#41: exit
2022/06/26 08:26:11 [notice] 42#42: exit
2022/06/26 08:26:11 [notice] 44#44: exit
2022/06/26 08:26:11 [notice] 43#43: exit
2022/06/26 08:26:11 [notice] 45#45: exit
2022/06/26 08:26:11 [notice] 46#46: exit
2022/06/26 08:26:11 [notice] 1#1: signal 17 (SIGCHLD) received from 41
2022/06/26 08:26:11 [notice] 1#1: worker process 31 exited with code 0
2022/06/26 08:26:11 [notice] 1#1: worker process 33 exited with code 0
2022/06/26 08:26:11 [notice] 1#1: worker process 34 exited with code 0
2022/06/26 08:26:11 [notice] 1#1: worker process 37 exited with code 0
2022/06/26 08:26:11 [notice] 1#1: worker process 41 exited with code 0
2022/06/26 08:26:11 [notice] 1#1: worker process 46 exited with code 0
2022/06/26 08:26:11 [notice] 1#1: signal 29 (SIGIO) received
2022/06/26 08:26:11 [notice] 1#1: signal 17 (SIGCHLD) received from 33
2022/06/26 08:26:11 [notice] 1#1: signal 17 (SIGCHLD) received from 35
2022/06/26 08:26:11 [notice] 1#1: worker process 35 exited with code 0
2022/06/26 08:26:11 [notice] 1#1: signal 29 (SIGIO) received
2022/06/26 08:26:11 [notice] 1#1: signal 17 (SIGCHLD) received from 38
2022/06/26 08:26:11 [notice] 1#1: worker process 32 exited with code 0
2022/06/26 08:26:11 [notice] 1#1: worker process 36 exited with code 0
2022/06/26 08:26:11 [notice] 1#1: worker process 38 exited with code 0
2022/06/26 08:26:11 [notice] 1#1: worker process 39 exited with code 0
2022/06/26 08:26:11 [notice] 1#1: worker process 42 exited with code 0
2022/06/26 08:26:11 [notice] 1#1: worker process 43 exited with code 0
2022/06/26 08:26:11 [notice] 1#1: worker process 44 exited with code 0
2022/06/26 08:26:11 [notice] 1#1: worker process 45 exited with code 0
2022/06/26 08:26:11 [notice] 1#1: signal 29 (SIGIO) received
2022/06/26 08:26:11 [notice] 1#1: signal 17 (SIGCHLD) received from 45
2022/06/26 08:26:11 [notice] 1#1: signal 17 (SIGCHLD) received from 40
2022/06/26 08:26:11 [notice] 1#1: worker process 40 exited with code 0
2022/06/26 08:26:11 [notice] 1#1: exit
2022/06/26 08:26:24 [notice] 1#1: using the "epoll" event method
2022/06/26 08:26:24 [notice] 1#1: nginx/1.23.0
2022/06/26 08:26:24 [notice] 1#1: built by gcc 10.2.1 20210110 (Debian 10.2.1-6) 
2022/06/26 08:26:24 [notice] 1#1: OS: Linux 5.10.16.3-microsoft-standard-WSL2
2022/06/26 08:26:24 [notice] 1#1: getrlimit(RLIMIT_NOFILE): 1048576:1048576
2022/06/26 08:26:24 [notice] 1#1: start worker processes
2022/06/26 08:26:24 [notice] 1#1: start worker process 31
2022/06/26 08:26:24 [notice] 1#1: start worker process 32
2022/06/26 08:26:24 [notice] 1#1: start worker process 33
2022/06/26 08:26:24 [notice] 1#1: start worker process 34
2022/06/26 08:26:24 [notice] 1#1: start worker process 35
2022/06/26 08:26:24 [notice] 1#1: start worker process 36
2022/06/26 08:26:24 [notice] 1#1: start worker process 37
2022/06/26 08:26:24 [notice] 1#1: start worker process 38
2022/06/26 08:26:24 [notice] 1#1: start worker process 39
2022/06/26 08:26:24 [notice] 1#1: start worker process 40
2022/06/26 08:26:24 [notice] 1#1: start worker process 41
2022/06/26 08:26:24 [notice] 1#1: start worker process 42
2022/06/26 08:26:24 [notice] 1#1: start worker process 43
2022/06/26 08:26:24 [notice] 1#1: start worker process 44
2022/06/26 08:26:24 [notice] 1#1: start worker process 45
2022/06/26 08:26:24 [notice] 1#1: start worker process 46
2022/06/26 08:27:18 [notice] 1#1: signal 3 (SIGQUIT) received, shutting down
2022/06/26 08:27:18 [notice] 31#31: gracefully shutting down
2022/06/26 08:27:18 [notice] 39#39: gracefully shutting down
2022/06/26 08:27:18 [notice] 33#33: gracefully shutting down
2022/06/26 08:27:18 [notice] 32#32: gracefully shutting down
2022/06/26 08:27:18 [notice] 34#34: gracefully shutting down
2022/06/26 08:27:18 [notice] 35#35: gracefully shutting down
2022/06/26 08:27:18 [notice] 36#36: gracefully shutting down
2022/06/26 08:27:18 [notice] 37#37: gracefully shutting down
2022/06/26 08:27:18 [notice] 38#38: gracefully shutting down
2022/06/26 08:27:18 [notice] 40#40: gracefully shutting down
2022/06/26 08:27:18 [notice] 31#31: exiting
2022/06/26 08:27:18 [notice] 41#41: gracefully shutting down
2022/06/26 08:27:18 [notice] 42#42: gracefully shutting down
2022/06/26 08:27:18 [notice] 43#43: gracefully shutting down
2022/06/26 08:27:18 [notice] 44#44: gracefully shutting down
2022/06/26 08:27:18 [notice] 45#45: gracefully shutting down
2022/06/26 08:27:18 [notice] 46#46: gracefully shutting down
2022/06/26 08:27:18 [notice] 39#39: exiting
2022/06/26 08:27:18 [notice] 33#33: exiting
2022/06/26 08:27:18 [notice] 32#32: exiting
2022/06/26 08:27:18 [notice] 34#34: exiting
2022/06/26 08:27:18 [notice] 35#35: exiting
2022/06/26 08:27:18 [notice] 36#36: exiting
2022/06/26 08:27:18 [notice] 37#37: exiting
2022/06/26 08:27:18 [notice] 38#38: exiting
2022/06/26 08:27:18 [notice] 40#40: exiting
2022/06/26 08:27:18 [notice] 31#31: exit
2022/06/26 08:27:18 [notice] 41#41: exiting
2022/06/26 08:27:18 [notice] 42#42: exiting
2022/06/26 08:27:18 [notice] 43#43: exiting
2022/06/26 08:27:18 [notice] 44#44: exiting
2022/06/26 08:27:18 [notice] 45#45: exiting
2022/06/26 08:27:18 [notice] 46#46: exiting
2022/06/26 08:27:18 [notice] 39#39: exit
2022/06/26 08:27:18 [notice] 33#33: exit
2022/06/26 08:27:18 [notice] 32#32: exit
2022/06/26 08:27:18 [notice] 34#34: exit
2022/06/26 08:27:18 [notice] 35#35: exit
2022/06/26 08:27:18 [notice] 36#36: exit
2022/06/26 08:27:18 [notice] 37#37: exit
2022/06/26 08:27:18 [notice] 38#38: exit
2022/06/26 08:27:18 [notice] 40#40: exit
2022/06/26 08:27:18 [notice] 41#41: exit
2022/06/26 08:27:18 [notice] 42#42: exit
2022/06/26 08:27:18 [notice] 43#43: exit
2022/06/26 08:27:18 [notice] 44#44: exit
2022/06/26 08:27:18 [notice] 45#45: exit
2022/06/26 08:27:18 [notice] 46#46: exit
2022/06/26 08:27:18 [notice] 1#1: signal 17 (SIGCHLD) received from 45
2022/06/26 08:27:18 [notice] 1#1: worker process 33 exited with code 0
2022/06/26 08:27:18 [notice] 1#1: worker process 41 exited with code 0
2022/06/26 08:27:18 [notice] 1#1: worker process 42 exited with code 0
2022/06/26 08:27:18 [notice] 1#1: worker process 45 exited with code 0
2022/06/26 08:27:18 [notice] 1#1: signal 29 (SIGIO) received
2022/06/26 08:27:18 [notice] 1#1: signal 17 (SIGCHLD) received from 33
2022/06/26 08:27:18 [notice] 1#1: signal 17 (SIGCHLD) received from 36
2022/06/26 08:27:18 [notice] 1#1: worker process 31 exited with code 0
2022/06/26 08:27:18 [notice] 1#1: worker process 32 exited with code 0
2022/06/26 08:27:18 [notice] 1#1: worker process 34 exited with code 0
2022/06/26 08:27:18 [notice] 1#1: worker process 35 exited with code 0
2022/06/26 08:27:18 [notice] 1#1: worker process 36 exited with code 0
2022/06/26 08:27:18 [notice] 1#1: worker process 37 exited with code 0
2022/06/26 08:27:18 [notice] 1#1: worker process 38 exited with code 0
2022/06/26 08:27:18 [notice] 1#1: worker process 39 exited with code 0
2022/06/26 08:27:18 [notice] 1#1: worker process 40 exited with code 0
2022/06/26 08:27:18 [notice] 1#1: worker process 44 exited with code 0
2022/06/26 08:27:18 [notice] 1#1: signal 29 (SIGIO) received
2022/06/26 08:27:18 [notice] 1#1: signal 17 (SIGCHLD) received from 44
2022/06/26 08:27:18 [notice] 1#1: signal 17 (SIGCHLD) received from 46
2022/06/26 08:27:18 [notice] 1#1: worker process 43 exited with code 0
2022/06/26 08:27:18 [notice] 1#1: worker process 46 exited with code 0
2022/06/26 08:27:18 [notice] 1#1: exit
2022/06/26 08:27:34 [notice] 1#1: using the "epoll" event method
2022/06/26 08:27:34 [notice] 1#1: nginx/1.23.0
2022/06/26 08:27:34 [notice] 1#1: built by gcc 10.2.1 20210110 (Debian 10.2.1-6) 
2022/06/26 08:27:34 [notice] 1#1: OS: Linux 5.10.16.3-microsoft-standard-WSL2
2022/06/26 08:27:34 [notice] 1#1: getrlimit(RLIMIT_NOFILE): 1048576:1048576
2022/06/26 08:27:34 [notice] 1#1: start worker processes
2022/06/26 08:27:34 [notice] 1#1: start worker process 31
2022/06/26 08:27:34 [notice] 1#1: start worker process 32
2022/06/26 08:27:34 [notice] 1#1: start worker process 33
2022/06/26 08:27:34 [notice] 1#1: start worker process 34
2022/06/26 08:27:34 [notice] 1#1: start worker process 35
2022/06/26 08:27:34 [notice] 1#1: start worker process 36
2022/06/26 08:27:34 [notice] 1#1: start worker process 37
2022/06/26 08:27:34 [notice] 1#1: start worker process 38
2022/06/26 08:27:34 [notice] 1#1: start worker process 39
2022/06/26 08:27:34 [notice] 1#1: start worker process 40
2022/06/26 08:27:34 [notice] 1#1: start worker process 41
2022/06/26 08:27:34 [notice] 1#1: start worker process 42
2022/06/26 08:27:34 [notice] 1#1: start worker process 43
2022/06/26 08:27:34 [notice] 1#1: start worker process 44
2022/06/26 08:27:34 [notice] 1#1: start worker process 45
2022/06/26 08:27:34 [notice] 1#1: start worker process 46
2022/06/26 08:28:46 [notice] 1#1: signal 3 (SIGQUIT) received, shutting down
2022/06/26 08:28:46 [notice] 31#31: gracefully shutting down
2022/06/26 08:28:46 [notice] 41#41: gracefully shutting down
2022/06/26 08:28:46 [notice] 32#32: gracefully shutting down
2022/06/26 08:28:46 [notice] 32#32: exiting
2022/06/26 08:28:46 [notice] 33#33: gracefully shutting down
2022/06/26 08:28:46 [notice] 35#35: gracefully shutting down
2022/06/26 08:28:46 [notice] 34#34: gracefully shutting down
2022/06/26 08:28:46 [notice] 36#36: gracefully shutting down
2022/06/26 08:28:46 [notice] 37#37: gracefully shutting down
2022/06/26 08:28:46 [notice] 38#38: gracefully shutting down
2022/06/26 08:28:46 [notice] 39#39: gracefully shutting down
2022/06/26 08:28:46 [notice] 40#40: gracefully shutting down
2022/06/26 08:28:46 [notice] 42#42: gracefully shutting down
2022/06/26 08:28:46 [notice] 43#43: gracefully shutting down
2022/06/26 08:28:46 [notice] 31#31: exiting
2022/06/26 08:28:46 [notice] 44#44: gracefully shutting down
2022/06/26 08:28:46 [notice] 45#45: gracefully shutting down
2022/06/26 08:28:46 [notice] 46#46: gracefully shutting down
2022/06/26 08:28:46 [notice] 41#41: exiting
2022/06/26 08:28:46 [notice] 32#32: exit
2022/06/26 08:28:46 [notice] 33#33: exiting
2022/06/26 08:28:46 [notice] 35#35: exiting
2022/06/26 08:28:46 [notice] 34#34: exiting
2022/06/26 08:28:46 [notice] 36#36: exiting
2022/06/26 08:28:46 [notice] 37#37: exiting
2022/06/26 08:28:46 [notice] 38#38: exiting
2022/06/26 08:28:46 [notice] 39#39: exiting
2022/06/26 08:28:46 [notice] 40#40: exiting
2022/06/26 08:28:46 [notice] 42#42: exiting
2022/06/26 08:28:46 [notice] 43#43: exiting
2022/06/26 08:28:46 [notice] 31#31: exit
2022/06/26 08:28:46 [notice] 44#44: exiting
2022/06/26 08:28:46 [notice] 45#45: exiting
2022/06/26 08:28:46 [notice] 46#46: exiting
2022/06/26 08:28:46 [notice] 41#41: exit
2022/06/26 08:28:46 [notice] 33#33: exit
2022/06/26 08:28:46 [notice] 35#35: exit
2022/06/26 08:28:46 [notice] 34#34: exit
2022/06/26 08:28:46 [notice] 36#36: exit
2022/06/26 08:28:46 [notice] 37#37: exit
2022/06/26 08:28:46 [notice] 38#38: exit
2022/06/26 08:28:46 [notice] 39#39: exit
2022/06/26 08:28:46 [notice] 40#40: exit
2022/06/26 08:28:46 [notice] 42#42: exit
2022/06/26 08:28:46 [notice] 43#43: exit
2022/06/26 08:28:46 [notice] 44#44: exit
2022/06/26 08:28:46 [notice] 45#45: exit
2022/06/26 08:28:46 [notice] 46#46: exit
2022/06/26 08:28:46 [notice] 1#1: signal 17 (SIGCHLD) received from 45
2022/06/26 08:28:46 [notice] 1#1: worker process 32 exited with code 0
2022/06/26 08:28:46 [notice] 1#1: worker process 36 exited with code 0
2022/06/26 08:28:46 [notice] 1#1: worker process 37 exited with code 0
2022/06/26 08:28:46 [notice] 1#1: worker process 39 exited with code 0
2022/06/26 08:28:46 [notice] 1#1: worker process 43 exited with code 0
2022/06/26 08:28:46 [notice] 1#1: worker process 44 exited with code 0
2022/06/26 08:28:46 [notice] 1#1: worker process 45 exited with code 0
2022/06/26 08:28:46 [notice] 1#1: worker process 46 exited with code 0
2022/06/26 08:28:46 [notice] 1#1: signal 29 (SIGIO) received
2022/06/26 08:28:46 [notice] 1#1: signal 17 (SIGCHLD) received from 41
2022/06/26 08:28:46 [notice] 1#1: worker process 31 exited with code 0
2022/06/26 08:28:46 [notice] 1#1: worker process 34 exited with code 0
2022/06/26 08:28:46 [notice] 1#1: worker process 35 exited with code 0
2022/06/26 08:28:46 [notice] 1#1: worker process 40 exited with code 0
2022/06/26 08:28:46 [notice] 1#1: worker process 41 exited with code 0
2022/06/26 08:28:46 [notice] 1#1: signal 29 (SIGIO) received
2022/06/26 08:28:46 [notice] 1#1: signal 17 (SIGCHLD) received from 35
2022/06/26 08:28:46 [notice] 1#1: signal 17 (SIGCHLD) received from 42
2022/06/26 08:28:46 [notice] 1#1: worker process 33 exited with code 0
2022/06/26 08:28:46 [notice] 1#1: worker process 38 exited with code 0
2022/06/26 08:28:46 [notice] 1#1: worker process 42 exited with code 0
2022/06/26 08:28:46 [notice] 1#1: exit
2022/06/26 08:29:00 [notice] 1#1: using the "epoll" event method
2022/06/26 08:29:00 [notice] 1#1: nginx/1.23.0
2022/06/26 08:29:00 [notice] 1#1: built by gcc 10.2.1 20210110 (Debian 10.2.1-6) 
2022/06/26 08:29:00 [notice] 1#1: OS: Linux 5.10.16.3-microsoft-standard-WSL2
2022/06/26 08:29:00 [notice] 1#1: getrlimit(RLIMIT_NOFILE): 1048576:1048576
2022/06/26 08:29:00 [notice] 1#1: start worker processes
2022/06/26 08:29:00 [notice] 1#1: start worker process 31
2022/06/26 08:29:00 [notice] 1#1: start worker process 32
2022/06/26 08:29:00 [notice] 1#1: start worker process 33
2022/06/26 08:29:00 [notice] 1#1: start worker process 34
2022/06/26 08:29:00 [notice] 1#1: start worker process 35
2022/06/26 08:29:00 [notice] 1#1: start worker process 36
2022/06/26 08:29:00 [notice] 1#1: start worker process 37
2022/06/26 08:29:00 [notice] 1#1: start worker process 38
2022/06/26 08:29:00 [notice] 1#1: start worker process 39
2022/06/26 08:29:00 [notice] 1#1: start worker process 40
2022/06/26 08:29:00 [notice] 1#1: start worker process 41
2022/06/26 08:29:00 [notice] 1#1: start worker process 42
2022/06/26 08:29:00 [notice] 1#1: start worker process 43
2022/06/26 08:29:00 [notice] 1#1: start worker process 44
2022/06/26 08:29:00 [notice] 1#1: start worker process 45
2022/06/26 08:29:00 [notice] 1#1: start worker process 46
2022/06/26 08:37:10 [notice] 1#1: signal 3 (SIGQUIT) received, shutting down
2022/06/26 08:37:10 [notice] 31#31: gracefully shutting down
2022/06/26 08:37:10 [notice] 38#38: gracefully shutting down
2022/06/26 08:37:10 [notice] 32#32: gracefully shutting down
2022/06/26 08:37:10 [notice] 33#33: gracefully shutting down
2022/06/26 08:37:10 [notice] 34#34: gracefully shutting down
2022/06/26 08:37:10 [notice] 35#35: gracefully shutting down
2022/06/26 08:37:10 [notice] 36#36: gracefully shutting down
2022/06/26 08:37:10 [notice] 37#37: gracefully shutting down
2022/06/26 08:37:10 [notice] 31#31: exiting
2022/06/26 08:37:10 [notice] 39#39: gracefully shutting down
2022/06/26 08:37:10 [notice] 40#40: gracefully shutting down
2022/06/26 08:37:10 [notice] 41#41: gracefully shutting down
2022/06/26 08:37:10 [notice] 42#42: gracefully shutting down
2022/06/26 08:37:10 [notice] 43#43: gracefully shutting down
2022/06/26 08:37:10 [notice] 44#44: gracefully shutting down
2022/06/26 08:37:10 [notice] 45#45: gracefully shutting down
2022/06/26 08:37:10 [notice] 46#46: gracefully shutting down
2022/06/26 08:37:10 [notice] 38#38: exiting
2022/06/26 08:37:10 [notice] 32#32: exiting
2022/06/26 08:37:10 [notice] 33#33: exiting
2022/06/26 08:37:10 [notice] 34#34: exiting
2022/06/26 08:37:10 [notice] 35#35: exiting
2022/06/26 08:37:10 [notice] 36#36: exiting
2022/06/26 08:37:10 [notice] 37#37: exiting
2022/06/26 08:37:10 [notice] 31#31: exit
2022/06/26 08:37:10 [notice] 39#39: exiting
2022/06/26 08:37:10 [notice] 40#40: exiting
2022/06/26 08:37:10 [notice] 41#41: exiting
2022/06/26 08:37:10 [notice] 42#42: exiting
2022/06/26 08:37:10 [notice] 43#43: exiting
2022/06/26 08:37:10 [notice] 44#44: exiting
2022/06/26 08:37:10 [notice] 45#45: exiting
2022/06/26 08:37:10 [notice] 46#46: exiting
2022/06/26 08:37:10 [notice] 38#38: exit
2022/06/26 08:37:10 [notice] 32#32: exit
2022/06/26 08:37:10 [notice] 33#33: exit
2022/06/26 08:37:10 [notice] 34#34: exit
2022/06/26 08:37:10 [notice] 35#35: exit
2022/06/26 08:37:10 [notice] 36#36: exit
2022/06/26 08:37:10 [notice] 37#37: exit
2022/06/26 08:37:10 [notice] 39#39: exit
2022/06/26 08:37:10 [notice] 40#40: exit
2022/06/26 08:37:10 [notice] 41#41: exit
2022/06/26 08:37:10 [notice] 42#42: exit
2022/06/26 08:37:10 [notice] 43#43: exit
2022/06/26 08:37:10 [notice] 44#44: exit
2022/06/26 08:37:10 [notice] 45#45: exit
2022/06/26 08:37:10 [notice] 46#46: exit
2022/06/26 08:37:11 [notice] 1#1: signal 17 (SIGCHLD) received from 42
2022/06/26 08:37:11 [notice] 1#1: worker process 31 exited with code 0
2022/06/26 08:37:11 [notice] 1#1: worker process 35 exited with code 0
2022/06/26 08:37:11 [notice] 1#1: worker process 36 exited with code 0
2022/06/26 08:37:11 [notice] 1#1: worker process 38 exited with code 0
2022/06/26 08:37:11 [notice] 1#1: worker process 42 exited with code 0
2022/06/26 08:37:11 [notice] 1#1: worker process 43 exited with code 0
2022/06/26 08:37:11 [notice] 1#1: worker process 44 exited with code 0
2022/06/26 08:37:11 [notice] 1#1: worker process 46 exited with code 0
2022/06/26 08:37:11 [notice] 1#1: signal 29 (SIGIO) received
2022/06/26 08:37:11 [notice] 1#1: signal 17 (SIGCHLD) received from 38
2022/06/26 08:37:11 [notice] 1#1: signal 17 (SIGCHLD) received from 40
2022/06/26 08:37:11 [notice] 1#1: worker process 33 exited with code 0
2022/06/26 08:37:11 [notice] 1#1: worker process 34 exited with code 0
2022/06/26 08:37:11 [notice] 1#1: worker process 40 exited with code 0
2022/06/26 08:37:11 [notice] 1#1: signal 29 (SIGIO) received
2022/06/26 08:37:11 [notice] 1#1: signal 17 (SIGCHLD) received from 37
2022/06/26 08:37:11 [notice] 1#1: worker process 37 exited with code 0
2022/06/26 08:37:11 [notice] 1#1: signal 29 (SIGIO) received
2022/06/26 08:37:11 [notice] 1#1: signal 17 (SIGCHLD) received from 32
2022/06/26 08:37:11 [notice] 1#1: worker process 32 exited with code 0
2022/06/26 08:37:11 [notice] 1#1: worker process 39 exited with code 0
2022/06/26 08:37:11 [notice] 1#1: worker process 41 exited with code 0
2022/06/26 08:37:11 [notice] 1#1: worker process 45 exited with code 0
2022/06/26 08:37:11 [notice] 1#1: exit
2022/06/27 12:08:49 [notice] 1#1: using the "epoll" event method
2022/06/27 12:08:49 [notice] 1#1: nginx/1.23.0
2022/06/27 12:08:49 [notice] 1#1: built by gcc 10.2.1 20210110 (Debian 10.2.1-6) 
2022/06/27 12:08:49 [notice] 1#1: OS: Linux 5.10.16.3-microsoft-standard-WSL2
2022/06/27 12:08:49 [notice] 1#1: getrlimit(RLIMIT_NOFILE): 1048576:1048576
2022/06/27 12:08:49 [notice] 1#1: start worker processes
2022/06/27 12:08:49 [notice] 1#1: start worker process 31
2022/06/27 12:08:49 [notice] 1#1: start worker process 32
2022/06/27 12:08:49 [notice] 1#1: start worker process 33
2022/06/27 12:08:49 [notice] 1#1: start worker process 34
2022/06/27 12:08:49 [notice] 1#1: start worker process 35
2022/06/27 12:08:49 [notice] 1#1: start worker process 36
2022/06/27 12:08:49 [notice] 1#1: start worker process 37
2022/06/27 12:08:49 [notice] 1#1: start worker process 38
2022/06/27 12:08:49 [notice] 1#1: start worker process 39
2022/06/27 12:08:49 [notice] 1#1: start worker process 40
2022/06/27 12:08:49 [notice] 1#1: start worker process 41
2022/06/27 12:08:49 [notice] 1#1: start worker process 42
2022/06/27 12:08:49 [notice] 1#1: start worker process 43
2022/06/27 12:08:49 [notice] 1#1: start worker process 44
2022/06/27 12:08:49 [notice] 1#1: start worker process 45
2022/06/27 12:08:49 [notice] 1#1: start worker process 46
2022/06/27 12:10:28 [error] 31#31: *1 open() "/usr/share/nginx/html/favicon.ico" failed (2: No such file or directory), client: 172.19.0.1, server: localhost, request: "GET /favicon.ico HTTP/1.1", host: "localhost:7414", referrer: "http://localhost:7414/"
2022/06/27 12:13:51 [notice] 1#1: signal 3 (SIGQUIT) received, shutting down
2022/06/27 12:13:51 [notice] 31#31: gracefully shutting down
2022/06/27 12:13:51 [notice] 41#41: gracefully shutting down
2022/06/27 12:13:51 [notice] 32#32: gracefully shutting down
2022/06/27 12:13:51 [notice] 33#33: gracefully shutting down
2022/06/27 12:13:51 [notice] 35#35: gracefully shutting down
2022/06/27 12:13:51 [notice] 34#34: gracefully shutting down
2022/06/27 12:13:51 [notice] 36#36: gracefully shutting down
2022/06/27 12:13:51 [notice] 37#37: gracefully shutting down
2022/06/27 12:13:51 [notice] 38#38: gracefully shutting down
2022/06/27 12:13:51 [notice] 39#39: gracefully shutting down
2022/06/27 12:13:51 [notice] 40#40: gracefully shutting down
2022/06/27 12:13:51 [notice] 43#43: gracefully shutting down
2022/06/27 12:13:51 [notice] 31#31: exiting
2022/06/27 12:13:51 [notice] 44#44: gracefully shutting down
2022/06/27 12:13:51 [notice] 45#45: gracefully shutting down
2022/06/27 12:13:51 [notice] 46#46: gracefully shutting down
2022/06/27 12:13:51 [notice] 42#42: gracefully shutting down
2022/06/27 12:13:51 [notice] 41#41: exiting
2022/06/27 12:13:51 [notice] 32#32: exiting
2022/06/27 12:13:51 [notice] 33#33: exiting
2022/06/27 12:13:51 [notice] 35#35: exiting
2022/06/27 12:13:51 [notice] 34#34: exiting
2022/06/27 12:13:51 [notice] 36#36: exiting
2022/06/27 12:13:51 [notice] 37#37: exiting
2022/06/27 12:13:51 [notice] 38#38: exiting
2022/06/27 12:13:51 [notice] 39#39: exiting
2022/06/27 12:13:51 [notice] 40#40: exiting
2022/06/27 12:13:51 [notice] 43#43: exiting
2022/06/27 12:13:51 [notice] 31#31: exit
2022/06/27 12:13:51 [notice] 44#44: exiting
2022/06/27 12:13:51 [notice] 45#45: exiting
2022/06/27 12:13:51 [notice] 46#46: exiting
2022/06/27 12:13:51 [notice] 42#42: exiting
2022/06/27 12:13:51 [notice] 41#41: exit
2022/06/27 12:13:51 [notice] 32#32: exit
2022/06/27 12:13:51 [notice] 33#33: exit
2022/06/27 12:13:51 [notice] 35#35: exit
2022/06/27 12:13:51 [notice] 34#34: exit
2022/06/27 12:13:51 [notice] 36#36: exit
2022/06/27 12:13:51 [notice] 37#37: exit
2022/06/27 12:13:51 [notice] 38#38: exit
2022/06/27 12:13:51 [notice] 39#39: exit
2022/06/27 12:13:51 [notice] 40#40: exit
2022/06/27 12:13:51 [notice] 43#43: exit
2022/06/27 12:13:51 [notice] 44#44: exit
2022/06/27 12:13:51 [notice] 45#45: exit
2022/06/27 12:13:51 [notice] 46#46: exit
2022/06/27 12:13:51 [notice] 42#42: exit
2022/06/27 12:13:52 [notice] 1#1: signal 17 (SIGCHLD) received from 45
2022/06/27 12:13:52 [notice] 1#1: worker process 31 exited with code 0
2022/06/27 12:13:52 [notice] 1#1: worker process 33 exited with code 0
2022/06/27 12:13:52 [notice] 1#1: worker process 34 exited with code 0
2022/06/27 12:13:52 [notice] 1#1: worker process 37 exited with code 0
2022/06/27 12:13:52 [notice] 1#1: worker process 40 exited with code 0
2022/06/27 12:13:52 [notice] 1#1: worker process 41 exited with code 0
2022/06/27 12:13:52 [notice] 1#1: worker process 42 exited with code 0
2022/06/27 12:13:52 [notice] 1#1: worker process 43 exited with code 0
2022/06/27 12:13:52 [notice] 1#1: worker process 44 exited with code 0
2022/06/27 12:13:52 [notice] 1#1: worker process 45 exited with code 0
2022/06/27 12:13:52 [notice] 1#1: worker process 46 exited with code 0
2022/06/27 12:13:52 [notice] 1#1: signal 29 (SIGIO) received
2022/06/27 12:13:52 [notice] 1#1: signal 17 (SIGCHLD) received from 46
2022/06/27 12:13:52 [notice] 1#1: signal 17 (SIGCHLD) received from 35
2022/06/27 12:13:52 [notice] 1#1: worker process 32 exited with code 0
2022/06/27 12:13:52 [notice] 1#1: worker process 35 exited with code 0
2022/06/27 12:13:52 [notice] 1#1: worker process 38 exited with code 0
2022/06/27 12:13:52 [notice] 1#1: signal 29 (SIGIO) received
2022/06/27 12:13:52 [notice] 1#1: signal 17 (SIGCHLD) received from 39
2022/06/27 12:13:52 [notice] 1#1: worker process 36 exited with code 0
2022/06/27 12:13:52 [notice] 1#1: worker process 39 exited with code 0
2022/06/27 12:13:52 [notice] 1#1: exit
2022/06/27 12:23:01 [notice] 1#1: using the "epoll" event method
2022/06/27 12:23:01 [notice] 1#1: nginx/1.23.0
2022/06/27 12:23:01 [notice] 1#1: built by gcc 10.2.1 20210110 (Debian 10.2.1-6) 
2022/06/27 12:23:01 [notice] 1#1: OS: Linux 5.10.16.3-microsoft-standard-WSL2
2022/06/27 12:23:01 [notice] 1#1: getrlimit(RLIMIT_NOFILE): 1048576:1048576
2022/06/27 12:23:01 [notice] 1#1: start worker processes
2022/06/27 12:23:01 [notice] 1#1: start worker process 31
2022/06/27 12:23:01 [notice] 1#1: start worker process 32
2022/06/27 12:23:01 [notice] 1#1: start worker process 33
2022/06/27 12:23:01 [notice] 1#1: start worker process 34
2022/06/27 12:23:01 [notice] 1#1: start worker process 35
2022/06/27 12:23:01 [notice] 1#1: start worker process 36
2022/06/27 12:23:01 [notice] 1#1: start worker process 37
2022/06/27 12:23:01 [notice] 1#1: start worker process 38
2022/06/27 12:23:01 [notice] 1#1: start worker process 39
2022/06/27 12:23:01 [notice] 1#1: start worker process 40
2022/06/27 12:23:01 [notice] 1#1: start worker process 41
2022/06/27 12:23:01 [notice] 1#1: start worker process 42
2022/06/27 12:23:01 [notice] 1#1: start worker process 43
2022/06/27 12:23:01 [notice] 1#1: start worker process 44
2022/06/27 12:23:01 [notice] 1#1: start worker process 45
2022/06/27 12:23:01 [notice] 1#1: start worker process 46
2022/06/27 12:23:26 [notice] 1#1: signal 3 (SIGQUIT) received, shutting down
2022/06/27 12:23:26 [notice] 31#31: gracefully shutting down
2022/06/27 12:23:26 [notice] 40#40: gracefully shutting down
2022/06/27 12:23:26 [notice] 33#33: gracefully shutting down
2022/06/27 12:23:26 [notice] 32#32: gracefully shutting down
2022/06/27 12:23:26 [notice] 34#34: gracefully shutting down
2022/06/27 12:23:26 [notice] 35#35: gracefully shutting down
2022/06/27 12:23:26 [notice] 36#36: gracefully shutting down
2022/06/27 12:23:26 [notice] 37#37: gracefully shutting down
2022/06/27 12:23:26 [notice] 38#38: gracefully shutting down
2022/06/27 12:23:26 [notice] 39#39: gracefully shutting down
2022/06/27 12:23:26 [notice] 41#41: gracefully shutting down
2022/06/27 12:23:26 [notice] 31#31: exiting
2022/06/27 12:23:26 [notice] 42#42: gracefully shutting down
2022/06/27 12:23:26 [notice] 43#43: gracefully shutting down
2022/06/27 12:23:26 [notice] 44#44: gracefully shutting down
2022/06/27 12:23:26 [notice] 46#46: gracefully shutting down
2022/06/27 12:23:26 [notice] 45#45: gracefully shutting down
2022/06/27 12:23:26 [notice] 40#40: exiting
2022/06/27 12:23:26 [notice] 33#33: exiting
2022/06/27 12:23:26 [notice] 32#32: exiting
2022/06/27 12:23:26 [notice] 34#34: exiting
2022/06/27 12:23:26 [notice] 35#35: exiting
2022/06/27 12:23:26 [notice] 36#36: exiting
2022/06/27 12:23:26 [notice] 37#37: exiting
2022/06/27 12:23:26 [notice] 38#38: exiting
2022/06/27 12:23:26 [notice] 39#39: exiting
2022/06/27 12:23:26 [notice] 41#41: exiting
2022/06/27 12:23:26 [notice] 31#31: exit
2022/06/27 12:23:26 [notice] 42#42: exiting
2022/06/27 12:23:26 [notice] 43#43: exiting
2022/06/27 12:23:26 [notice] 44#44: exiting
2022/06/27 12:23:26 [notice] 46#46: exiting
2022/06/27 12:23:26 [notice] 45#45: exiting
2022/06/27 12:23:26 [notice] 40#40: exit
2022/06/27 12:23:26 [notice] 33#33: exit
2022/06/27 12:23:26 [notice] 32#32: exit
2022/06/27 12:23:26 [notice] 34#34: exit
2022/06/27 12:23:26 [notice] 35#35: exit
2022/06/27 12:23:26 [notice] 36#36: exit
2022/06/27 12:23:26 [notice] 37#37: exit
2022/06/27 12:23:26 [notice] 38#38: exit
2022/06/27 12:23:26 [notice] 39#39: exit
2022/06/27 12:23:26 [notice] 41#41: exit
2022/06/27 12:23:26 [notice] 42#42: exit
2022/06/27 12:23:26 [notice] 43#43: exit
2022/06/27 12:23:26 [notice] 44#44: exit
2022/06/27 12:23:26 [notice] 46#46: exit
2022/06/27 12:23:26 [notice] 45#45: exit
2022/06/27 12:23:26 [notice] 1#1: signal 17 (SIGCHLD) received from 39
2022/06/27 12:23:26 [notice] 1#1: worker process 33 exited with code 0
2022/06/27 12:23:26 [notice] 1#1: worker process 39 exited with code 0
2022/06/27 12:23:26 [notice] 1#1: worker process 40 exited with code 0
2022/06/27 12:23:26 [notice] 1#1: signal 29 (SIGIO) received
2022/06/27 12:23:26 [notice] 1#1: signal 17 (SIGCHLD) received from 33
2022/06/27 12:23:26 [notice] 1#1: signal 17 (SIGCHLD) received from 43
2022/06/27 12:23:26 [notice] 1#1: worker process 31 exited with code 0
2022/06/27 12:23:26 [notice] 1#1: worker process 32 exited with code 0
2022/06/27 12:23:26 [notice] 1#1: worker process 34 exited with code 0
2022/06/27 12:23:26 [notice] 1#1: worker process 37 exited with code 0
2022/06/27 12:23:26 [notice] 1#1: worker process 38 exited with code 0
2022/06/27 12:23:26 [notice] 1#1: worker process 43 exited with code 0
2022/06/27 12:23:26 [notice] 1#1: signal 29 (SIGIO) received
2022/06/27 12:23:26 [notice] 1#1: signal 17 (SIGCHLD) received from 37
2022/06/27 12:23:26 [notice] 1#1: signal 17 (SIGCHLD) received from 42
2022/06/27 12:23:26 [notice] 1#1: worker process 36 exited with code 0
2022/06/27 12:23:26 [notice] 1#1: worker process 42 exited with code 0
2022/06/27 12:23:26 [notice] 1#1: signal 29 (SIGIO) received
2022/06/27 12:23:26 [notice] 1#1: signal 17 (SIGCHLD) received from 46
2022/06/27 12:23:26 [notice] 1#1: worker process 46 exited with code 0
2022/06/27 12:23:26 [notice] 1#1: signal 29 (SIGIO) received
2022/06/27 12:23:27 [notice] 1#1: signal 17 (SIGCHLD) received from 35
2022/06/27 12:23:27 [notice] 1#1: worker process 35 exited with code 0
2022/06/27 12:23:27 [notice] 1#1: worker process 41 exited with code 0
2022/06/27 12:23:27 [notice] 1#1: worker process 44 exited with code 0
2022/06/27 12:23:27 [notice] 1#1: signal 29 (SIGIO) received
2022/06/27 12:23:27 [notice] 1#1: signal 17 (SIGCHLD) received from 41
2022/06/27 12:23:27 [notice] 1#1: signal 17 (SIGCHLD) received from 45
2022/06/27 12:23:27 [notice] 1#1: worker process 45 exited with code 0
2022/06/27 12:23:27 [notice] 1#1: exit
2022/06/27 12:24:38 [notice] 1#1: using the "epoll" event method
2022/06/27 12:24:38 [notice] 1#1: nginx/1.23.0
2022/06/27 12:24:38 [notice] 1#1: built by gcc 10.2.1 20210110 (Debian 10.2.1-6) 
2022/06/27 12:24:38 [notice] 1#1: OS: Linux 5.10.16.3-microsoft-standard-WSL2
2022/06/27 12:24:38 [notice] 1#1: getrlimit(RLIMIT_NOFILE): 1048576:1048576
2022/06/27 12:24:38 [notice] 1#1: start worker processes
2022/06/27 12:24:38 [notice] 1#1: start worker process 31
2022/06/27 12:24:38 [notice] 1#1: start worker process 32
2022/06/27 12:24:38 [notice] 1#1: start worker process 33
2022/06/27 12:24:38 [notice] 1#1: start worker process 34
2022/06/27 12:24:38 [notice] 1#1: start worker process 35
2022/06/27 12:24:38 [notice] 1#1: start worker process 36
2022/06/27 12:24:38 [notice] 1#1: start worker process 37
2022/06/27 12:24:38 [notice] 1#1: start worker process 38
2022/06/27 12:24:38 [notice] 1#1: start worker process 39
2022/06/27 12:24:38 [notice] 1#1: start worker process 40
2022/06/27 12:24:38 [notice] 1#1: start worker process 41
2022/06/27 12:24:38 [notice] 1#1: start worker process 42
2022/06/27 12:24:38 [notice] 1#1: start worker process 43
2022/06/27 12:24:38 [notice] 1#1: start worker process 44
2022/06/27 12:24:38 [notice] 1#1: start worker process 45
2022/06/27 12:24:38 [notice] 1#1: start worker process 46
2022/06/27 12:42:01 [notice] 1#1: signal 3 (SIGQUIT) received, shutting down
2022/06/27 12:42:01 [notice] 31#31: gracefully shutting down
2022/06/27 12:42:01 [notice] 42#42: gracefully shutting down
2022/06/27 12:42:01 [notice] 32#32: gracefully shutting down
2022/06/27 12:42:01 [notice] 33#33: gracefully shutting down
2022/06/27 12:42:01 [notice] 34#34: gracefully shutting down
2022/06/27 12:42:01 [notice] 35#35: gracefully shutting down
2022/06/27 12:42:01 [notice] 36#36: gracefully shutting down
2022/06/27 12:42:01 [notice] 37#37: gracefully shutting down
2022/06/27 12:42:01 [notice] 38#38: gracefully shutting down
2022/06/27 12:42:01 [notice] 39#39: gracefully shutting down
2022/06/27 12:42:01 [notice] 40#40: gracefully shutting down
2022/06/27 12:42:01 [notice] 41#41: gracefully shutting down
2022/06/27 12:42:01 [notice] 44#44: gracefully shutting down
2022/06/27 12:42:01 [notice] 45#45: gracefully shutting down
2022/06/27 12:42:01 [notice] 46#46: gracefully shutting down
2022/06/27 12:42:01 [notice] 31#31: exiting
2022/06/27 12:42:01 [notice] 43#43: gracefully shutting down
2022/06/27 12:42:01 [notice] 42#42: exiting
2022/06/27 12:42:01 [notice] 32#32: exiting
2022/06/27 12:42:01 [notice] 33#33: exiting
2022/06/27 12:42:01 [notice] 34#34: exiting
2022/06/27 12:42:01 [notice] 35#35: exiting
2022/06/27 12:42:01 [notice] 36#36: exiting
2022/06/27 12:42:01 [notice] 37#37: exiting
2022/06/27 12:42:01 [notice] 38#38: exiting
2022/06/27 12:42:01 [notice] 39#39: exiting
2022/06/27 12:42:01 [notice] 40#40: exiting
2022/06/27 12:42:01 [notice] 41#41: exiting
2022/06/27 12:42:01 [notice] 44#44: exiting
2022/06/27 12:42:01 [notice] 45#45: exiting
2022/06/27 12:42:01 [notice] 46#46: exiting
2022/06/27 12:42:01 [notice] 43#43: exiting
2022/06/27 12:42:01 [notice] 31#31: exit
2022/06/27 12:42:01 [notice] 42#42: exit
2022/06/27 12:42:01 [notice] 32#32: exit
2022/06/27 12:42:01 [notice] 33#33: exit
2022/06/27 12:42:01 [notice] 34#34: exit
2022/06/27 12:42:01 [notice] 35#35: exit
2022/06/27 12:42:01 [notice] 36#36: exit
2022/06/27 12:42:01 [notice] 37#37: exit
2022/06/27 12:42:01 [notice] 38#38: exit
2022/06/27 12:42:01 [notice] 39#39: exit
2022/06/27 12:42:01 [notice] 40#40: exit
2022/06/27 12:42:01 [notice] 41#41: exit
2022/06/27 12:42:01 [notice] 44#44: exit
2022/06/27 12:42:01 [notice] 45#45: exit
2022/06/27 12:42:01 [notice] 46#46: exit
2022/06/27 12:42:01 [notice] 43#43: exit
2022/06/27 12:42:01 [notice] 1#1: signal 17 (SIGCHLD) received from 40
2022/06/27 12:42:01 [notice] 1#1: worker process 40 exited with code 0
2022/06/27 12:42:01 [notice] 1#1: signal 29 (SIGIO) received
2022/06/27 12:42:01 [notice] 1#1: signal 17 (SIGCHLD) received from 32
2022/06/27 12:42:01 [notice] 1#1: worker process 32 exited with code 0
2022/06/27 12:42:01 [notice] 1#1: signal 29 (SIGIO) received
2022/06/27 12:42:01 [notice] 1#1: signal 17 (SIGCHLD) received from 46
2022/06/27 12:42:01 [notice] 1#1: worker process 31 exited with code 0
2022/06/27 12:42:01 [notice] 1#1: worker process 36 exited with code 0
2022/06/27 12:42:01 [notice] 1#1: worker process 37 exited with code 0
2022/06/27 12:42:01 [notice] 1#1: worker process 38 exited with code 0
2022/06/27 12:42:01 [notice] 1#1: worker process 39 exited with code 0
2022/06/27 12:42:01 [notice] 1#1: worker process 41 exited with code 0
2022/06/27 12:42:01 [notice] 1#1: worker process 42 exited with code 0
2022/06/27 12:42:01 [notice] 1#1: worker process 43 exited with code 0
2022/06/27 12:42:01 [notice] 1#1: worker process 44 exited with code 0
2022/06/27 12:42:01 [notice] 1#1: worker process 46 exited with code 0
2022/06/27 12:42:01 [notice] 1#1: signal 29 (SIGIO) received
2022/06/27 12:42:01 [notice] 1#1: signal 17 (SIGCHLD) received from 42
2022/06/27 12:42:01 [notice] 1#1: signal 17 (SIGCHLD) received from 45
2022/06/27 12:42:01 [notice] 1#1: worker process 33 exited with code 0
2022/06/27 12:42:01 [notice] 1#1: worker process 34 exited with code 0
2022/06/27 12:42:01 [notice] 1#1: worker process 45 exited with code 0
2022/06/27 12:42:01 [notice] 1#1: signal 29 (SIGIO) received
2022/06/27 12:42:01 [notice] 1#1: signal 17 (SIGCHLD) received from 34
2022/06/27 12:42:01 [notice] 1#1: signal 17 (SIGCHLD) received from 35
2022/06/27 12:42:01 [notice] 1#1: worker process 35 exited with code 0
2022/06/27 12:42:01 [notice] 1#1: exit
2022/06/27 12:43:10 [notice] 1#1: using the "epoll" event method
2022/06/27 12:43:10 [notice] 1#1: nginx/1.23.0
2022/06/27 12:43:10 [notice] 1#1: built by gcc 10.2.1 20210110 (Debian 10.2.1-6) 
2022/06/27 12:43:10 [notice] 1#1: OS: Linux 5.10.16.3-microsoft-standard-WSL2
2022/06/27 12:43:10 [notice] 1#1: getrlimit(RLIMIT_NOFILE): 1048576:1048576
2022/06/27 12:43:10 [notice] 1#1: start worker processes
2022/06/27 12:43:10 [notice] 1#1: start worker process 31
2022/06/27 12:43:10 [notice] 1#1: start worker process 32
2022/06/27 12:43:10 [notice] 1#1: start worker process 33
2022/06/27 12:43:10 [notice] 1#1: start worker process 34
2022/06/27 12:43:10 [notice] 1#1: start worker process 35
2022/06/27 12:43:10 [notice] 1#1: start worker process 36
2022/06/27 12:43:10 [notice] 1#1: start worker process 37
2022/06/27 12:43:10 [notice] 1#1: start worker process 38
2022/06/27 12:43:10 [notice] 1#1: start worker process 39
2022/06/27 12:43:10 [notice] 1#1: start worker process 40
2022/06/27 12:43:10 [notice] 1#1: start worker process 41
2022/06/27 12:43:10 [notice] 1#1: start worker process 42
2022/06/27 12:43:10 [notice] 1#1: start worker process 43
2022/06/27 12:43:10 [notice] 1#1: start worker process 44
2022/06/27 12:43:10 [notice] 1#1: start worker process 45
2022/06/27 12:43:10 [notice] 1#1: start worker process 46
2022/06/27 12:43:39 [notice] 1#1: signal 3 (SIGQUIT) received, shutting down
2022/06/27 12:43:39 [notice] 31#31: gracefully shutting down
2022/06/27 12:43:39 [notice] 43#43: gracefully shutting down
2022/06/27 12:43:39 [notice] 32#32: gracefully shutting down
2022/06/27 12:43:39 [notice] 33#33: gracefully shutting down
2022/06/27 12:43:39 [notice] 34#34: gracefully shutting down
2022/06/27 12:43:39 [notice] 35#35: gracefully shutting down
2022/06/27 12:43:39 [notice] 36#36: gracefully shutting down
2022/06/27 12:43:39 [notice] 37#37: gracefully shutting down
2022/06/27 12:43:39 [notice] 38#38: gracefully shutting down
2022/06/27 12:43:39 [notice] 39#39: gracefully shutting down
2022/06/27 12:43:39 [notice] 40#40: gracefully shutting down
2022/06/27 12:43:39 [notice] 41#41: gracefully shutting down
2022/06/27 12:43:39 [notice] 42#42: gracefully shutting down
2022/06/27 12:43:39 [notice] 44#44: gracefully shutting down
2022/06/27 12:43:39 [notice] 31#31: exiting
2022/06/27 12:43:39 [notice] 45#45: gracefully shutting down
2022/06/27 12:43:39 [notice] 46#46: gracefully shutting down
2022/06/27 12:43:39 [notice] 43#43: exiting
2022/06/27 12:43:39 [notice] 32#32: exiting
2022/06/27 12:43:39 [notice] 33#33: exiting
2022/06/27 12:43:39 [notice] 34#34: exiting
2022/06/27 12:43:39 [notice] 35#35: exiting
2022/06/27 12:43:39 [notice] 36#36: exiting
2022/06/27 12:43:39 [notice] 37#37: exiting
2022/06/27 12:43:39 [notice] 38#38: exiting
2022/06/27 12:43:39 [notice] 39#39: exiting
2022/06/27 12:43:39 [notice] 40#40: exiting
2022/06/27 12:43:39 [notice] 41#41: exiting
2022/06/27 12:43:39 [notice] 42#42: exiting
2022/06/27 12:43:39 [notice] 44#44: exiting
2022/06/27 12:43:39 [notice] 45#45: exiting
2022/06/27 12:43:39 [notice] 46#46: exiting
2022/06/27 12:43:39 [notice] 43#43: exit
2022/06/27 12:43:39 [notice] 31#31: exit
2022/06/27 12:43:39 [notice] 32#32: exit
2022/06/27 12:43:39 [notice] 33#33: exit
2022/06/27 12:43:39 [notice] 34#34: exit
2022/06/27 12:43:39 [notice] 35#35: exit
2022/06/27 12:43:39 [notice] 36#36: exit
2022/06/27 12:43:39 [notice] 37#37: exit
2022/06/27 12:43:39 [notice] 38#38: exit
2022/06/27 12:43:39 [notice] 39#39: exit
2022/06/27 12:43:39 [notice] 40#40: exit
2022/06/27 12:43:39 [notice] 41#41: exit
2022/06/27 12:43:39 [notice] 42#42: exit
2022/06/27 12:43:39 [notice] 44#44: exit
2022/06/27 12:43:39 [notice] 45#45: exit
2022/06/27 12:43:39 [notice] 46#46: exit
2022/06/27 12:43:40 [notice] 1#1: signal 17 (SIGCHLD) received from 42
2022/06/27 12:43:40 [notice] 1#1: worker process 31 exited with code 0
2022/06/27 12:43:40 [notice] 1#1: worker process 32 exited with code 0
2022/06/27 12:43:40 [notice] 1#1: worker process 34 exited with code 0
2022/06/27 12:43:40 [notice] 1#1: worker process 35 exited with code 0
2022/06/27 12:43:40 [notice] 1#1: worker process 36 exited with code 0
2022/06/27 12:43:40 [notice] 1#1: worker process 37 exited with code 0
2022/06/27 12:43:40 [notice] 1#1: worker process 38 exited with code 0
2022/06/27 12:43:40 [notice] 1#1: worker process 39 exited with code 0
2022/06/27 12:43:40 [notice] 1#1: worker process 40 exited with code 0
2022/06/27 12:43:40 [notice] 1#1: worker process 41 exited with code 0
2022/06/27 12:43:40 [notice] 1#1: worker process 42 exited with code 0
2022/06/27 12:43:40 [notice] 1#1: worker process 43 exited with code 0
2022/06/27 12:43:40 [notice] 1#1: worker process 44 exited with code 0
2022/06/27 12:43:40 [notice] 1#1: worker process 45 exited with code 0
2022/06/27 12:43:40 [notice] 1#1: worker process 46 exited with code 0
2022/06/27 12:43:40 [notice] 1#1: signal 29 (SIGIO) received
2022/06/27 12:43:40 [notice] 1#1: signal 17 (SIGCHLD) received from 43
2022/06/27 12:43:40 [notice] 1#1: signal 17 (SIGCHLD) received from 33
2022/06/27 12:43:40 [notice] 1#1: worker process 33 exited with code 0
2022/06/27 12:43:40 [notice] 1#1: exit
2022/06/27 12:43:51 [notice] 1#1: using the "epoll" event method
2022/06/27 12:43:51 [notice] 1#1: nginx/1.23.0
2022/06/27 12:43:51 [notice] 1#1: built by gcc 10.2.1 20210110 (Debian 10.2.1-6) 
2022/06/27 12:43:51 [notice] 1#1: OS: Linux 5.10.16.3-microsoft-standard-WSL2
2022/06/27 12:43:51 [notice] 1#1: getrlimit(RLIMIT_NOFILE): 1048576:1048576
2022/06/27 12:43:51 [notice] 1#1: start worker processes
2022/06/27 12:43:51 [notice] 1#1: start worker process 31
2022/06/27 12:43:51 [notice] 1#1: start worker process 32
2022/06/27 12:43:51 [notice] 1#1: start worker process 33
2022/06/27 12:43:51 [notice] 1#1: start worker process 34
2022/06/27 12:43:51 [notice] 1#1: start worker process 35
2022/06/27 12:43:51 [notice] 1#1: start worker process 36
2022/06/27 12:43:51 [notice] 1#1: start worker process 37
2022/06/27 12:43:51 [notice] 1#1: start worker process 38
2022/06/27 12:43:51 [notice] 1#1: start worker process 39
2022/06/27 12:43:51 [notice] 1#1: start worker process 40
2022/06/27 12:43:51 [notice] 1#1: start worker process 41
2022/06/27 12:43:51 [notice] 1#1: start worker process 42
2022/06/27 12:43:51 [notice] 1#1: start worker process 43
2022/06/27 12:43:51 [notice] 1#1: start worker process 44
2022/06/27 12:43:51 [notice] 1#1: start worker process 45
2022/06/27 12:43:51 [notice] 1#1: start worker process 46
2022/06/27 13:08:47 [notice] 1#1: using the "epoll" event method
2022/06/27 13:08:47 [notice] 1#1: nginx/1.23.0
2022/06/27 13:08:47 [notice] 1#1: built by gcc 10.2.1 20210110 (Debian 10.2.1-6) 
2022/06/27 13:08:47 [notice] 1#1: OS: Linux 5.10.16.3-microsoft-standard-WSL2
2022/06/27 13:08:47 [notice] 1#1: getrlimit(RLIMIT_NOFILE): 1048576:1048576
2022/06/27 13:08:47 [notice] 1#1: start worker processes
2022/06/27 13:08:47 [notice] 1#1: start worker process 31
2022/06/27 13:08:47 [notice] 1#1: start worker process 32
2022/06/27 13:08:47 [notice] 1#1: start worker process 33
2022/06/27 13:08:47 [notice] 1#1: start worker process 34
2022/06/27 13:08:47 [notice] 1#1: start worker process 35
2022/06/27 13:08:47 [notice] 1#1: start worker process 36
2022/06/27 13:08:47 [notice] 1#1: start worker process 37
2022/06/27 13:08:47 [notice] 1#1: start worker process 38
2022/06/27 13:08:47 [notice] 1#1: start worker process 39
2022/06/27 13:08:47 [notice] 1#1: start worker process 40
2022/06/27 13:08:47 [notice] 1#1: start worker process 41
2022/06/27 13:08:47 [notice] 1#1: start worker process 42
2022/06/27 13:08:47 [notice] 1#1: start worker process 43
2022/06/27 13:08:47 [notice] 1#1: start worker process 44
2022/06/27 13:08:47 [notice] 1#1: start worker process 45
2022/06/27 13:08:47 [notice] 1#1: start worker process 46
2022/06/27 13:20:56 [notice] 1#1: signal 3 (SIGQUIT) received, shutting down
2022/06/27 13:20:56 [notice] 38#38: gracefully shutting down
2022/06/27 13:20:56 [notice] 39#39: gracefully shutting down
2022/06/27 13:20:56 [notice] 41#41: gracefully shutting down
2022/06/27 13:20:56 [notice] 33#33: gracefully shutting down
2022/06/27 13:20:56 [notice] 37#37: gracefully shutting down
2022/06/27 13:20:56 [notice] 44#44: gracefully shutting down
2022/06/27 13:20:56 [notice] 45#45: gracefully shutting down
2022/06/27 13:20:56 [notice] 31#31: gracefully shutting down
2022/06/27 13:20:56 [notice] 38#38: exiting
2022/06/27 13:20:56 [notice] 43#43: gracefully shutting down
2022/06/27 13:20:56 [notice] 40#40: gracefully shutting down
2022/06/27 13:20:56 [notice] 35#35: gracefully shutting down
2022/06/27 13:20:56 [notice] 41#41: exiting
2022/06/27 13:20:56 [notice] 35#35: exiting
2022/06/27 13:20:56 [notice] 45#45: exiting
2022/06/27 13:20:56 [notice] 39#39: exiting
2022/06/27 13:20:56 [notice] 46#46: gracefully shutting down
2022/06/27 13:20:56 [notice] 34#34: gracefully shutting down
2022/06/27 13:20:56 [notice] 44#44: exiting
2022/06/27 13:20:56 [notice] 38#38: exit
2022/06/27 13:20:56 [notice] 42#42: gracefully shutting down
2022/06/27 13:20:56 [notice] 41#41: exit
2022/06/27 13:20:56 [notice] 35#35: exit
2022/06/27 13:20:56 [notice] 36#36: gracefully shutting down
2022/06/27 13:20:56 [notice] 45#45: exit
2022/06/27 13:20:56 [notice] 39#39: exit
2022/06/27 13:20:56 [notice] 32#32: gracefully shutting down
2022/06/27 13:20:56 [notice] 43#43: exiting
2022/06/27 13:20:56 [notice] 44#44: exit
2022/06/27 13:20:56 [notice] 40#40: exiting
2022/06/27 13:20:56 [notice] 36#36: exiting
2022/06/27 13:20:56 [notice] 34#34: exiting
2022/06/27 13:20:56 [notice] 40#40: exit
2022/06/27 13:20:56 [notice] 43#43: exit
2022/06/27 13:20:56 [notice] 31#31: exiting
2022/06/27 13:20:56 [notice] 33#33: exiting
2022/06/27 13:20:56 [notice] 34#34: exit
2022/06/27 13:20:56 [notice] 31#31: exit
2022/06/27 13:20:56 [notice] 36#36: exit
2022/06/27 13:20:56 [notice] 33#33: exit
2022/06/27 13:20:56 [notice] 46#46: exiting
2022/06/27 13:20:56 [notice] 32#32: exiting
2022/06/27 13:20:56 [notice] 46#46: exit
2022/06/27 13:20:56 [notice] 42#42: exiting
2022/06/27 13:20:56 [notice] 37#37: exiting
2022/06/27 13:20:56 [notice] 32#32: exit
2022/06/27 13:20:56 [notice] 42#42: exit
2022/06/27 13:20:56 [notice] 37#37: exit
2022/06/27 13:20:56 [notice] 1#1: signal 17 (SIGCHLD) received from 31
2022/06/27 13:20:56 [notice] 1#1: worker process 31 exited with code 0
2022/06/27 13:20:56 [notice] 1#1: worker process 35 exited with code 0
2022/06/27 13:20:56 [notice] 1#1: worker process 36 exited with code 0
2022/06/27 13:20:56 [notice] 1#1: worker process 37 exited with code 0
2022/06/27 13:20:56 [notice] 1#1: worker process 38 exited with code 0
2022/06/27 13:20:56 [notice] 1#1: worker process 44 exited with code 0
2022/06/27 13:20:56 [notice] 1#1: worker process 45 exited with code 0
2022/06/27 13:20:56 [notice] 1#1: signal 29 (SIGIO) received
2022/06/27 13:20:56 [notice] 1#1: signal 17 (SIGCHLD) received from 45
2022/06/27 13:20:56 [notice] 1#1: signal 17 (SIGCHLD) received from 33
2022/06/27 13:20:56 [notice] 1#1: worker process 33 exited with code 0
2022/06/27 13:20:56 [notice] 1#1: worker process 41 exited with code 0
2022/06/27 13:20:56 [notice] 1#1: signal 29 (SIGIO) received
2022/06/27 13:20:56 [notice] 1#1: signal 17 (SIGCHLD) received from 41
2022/06/27 13:20:56 [notice] 1#1: signal 17 (SIGCHLD) received from 34
2022/06/27 13:20:56 [notice] 1#1: worker process 32 exited with code 0
2022/06/27 13:20:56 [notice] 1#1: worker process 34 exited with code 0
2022/06/27 13:20:56 [notice] 1#1: worker process 39 exited with code 0
2022/06/27 13:20:56 [notice] 1#1: worker process 42 exited with code 0
2022/06/27 13:20:56 [notice] 1#1: worker process 43 exited with code 0
2022/06/27 13:20:56 [notice] 1#1: signal 29 (SIGIO) received
2022/06/27 13:20:56 [notice] 1#1: signal 17 (SIGCHLD) received from 42
2022/06/27 13:20:56 [notice] 1#1: signal 17 (SIGCHLD) received from 40
2022/06/27 13:20:56 [notice] 1#1: worker process 40 exited with code 0
2022/06/27 13:20:56 [notice] 1#1: worker process 46 exited with code 0
2022/06/27 13:20:56 [notice] 1#1: exit
